<?xml version="1.0" encoding="UTF-8"?>
<testng-results ignored="0" total="6" passed="6" failed="0" skipped="0">
  <reporter-output>
  </reporter-output>
  <suite started-at="2023-04-09T10:17:39 IST" name="Suite" finished-at="2023-04-09T10:20:28 IST" duration-ms="169191">
    <groups>
      <group name="cucumber">
        <method signature="AbstractTestNGCucumberTests.runScenario(io.cucumber.testng.PickleWrapper,io.cucumber.testng.FeatureWrapper)[pri:0, instance:com.healthcare.testrunner.TestRunner_TestNG@645aa696]" name="runScenario" class="io.cucumber.testng.AbstractTestNGCucumberTests"/>
      </group> <!-- cucumber -->
    </groups>
    <test started-at="2023-04-09T10:17:39 IST" name="Test" finished-at="2023-04-09T10:20:28 IST" duration-ms="169191">
      <class name="com.healthcare.testrunner.TestRunner_TestNG">
        <test-method is-config="true" signature="setUpClass(org.testng.ITestContext)[pri:0, instance:com.healthcare.testrunner.TestRunner_TestNG@645aa696]" started-at="2023-04-09T10:17:40 IST" name="setUpClass" finished-at="2023-04-09T10:17:41 IST" duration-ms="1063" status="PASS">
          <params>
            <param index="0">
              <value>
                <![CDATA[org.testng.TestRunner@20723ee]]>
              </value>
            </param>
          </params>
          <reporter-output>
          </reporter-output>
        </test-method> <!-- setUpClass -->
        <test-method signature="runScenario(io.cucumber.testng.PickleWrapper,io.cucumber.testng.FeatureWrapper)[pri:0, instance:com.healthcare.testrunner.TestRunner_TestNG@645aa696]" started-at="2023-04-09T10:17:41 IST" name="runScenario" description="Runs Cucumber Scenarios" data-provider="scenarios" finished-at="2023-04-09T10:18:46 IST" duration-ms="65386" status="PASS">
          <params>
            <param index="0">
              <value>
                <![CDATA["Validating the appointment functionality"]]>
              </value>
            </param>
            <param index="1">
              <value>
                <![CDATA["Appointment Feature"]]>
              </value>
            </param>
          </params>
          <reporter-output>
          </reporter-output>
        </test-method> <!-- runScenario -->
        <test-method signature="runScenario(io.cucumber.testng.PickleWrapper,io.cucumber.testng.FeatureWrapper)[pri:0, instance:com.healthcare.testrunner.TestRunner_TestNG@645aa696]" started-at="2023-04-09T10:18:47 IST" name="runScenario" description="Runs Cucumber Scenarios" data-provider="scenarios" finished-at="2023-04-09T10:19:04 IST" duration-ms="17483" status="PASS">
          <params>
            <param index="0">
              <value>
                <![CDATA["Validate the Login credential"]]>
              </value>
            </param>
            <param index="1">
              <value>
                <![CDATA["Login Feature"]]>
              </value>
            </param>
          </params>
          <reporter-output>
          </reporter-output>
        </test-method> <!-- runScenario -->
        <test-method signature="runScenario(io.cucumber.testng.PickleWrapper,io.cucumber.testng.FeatureWrapper)[pri:0, instance:com.healthcare.testrunner.TestRunner_TestNG@645aa696]" started-at="2023-04-09T10:19:04 IST" name="runScenario" description="Runs Cucumber Scenarios" data-provider="scenarios" finished-at="2023-04-09T10:19:19 IST" duration-ms="15390" status="PASS">
          <params>
            <param index="0">
              <value>
                <![CDATA["Validate the application by entering the invalid credentials"]]>
              </value>
            </param>
            <param index="1">
              <value>
                <![CDATA["Login Feature"]]>
              </value>
            </param>
          </params>
          <reporter-output>
          </reporter-output>
        </test-method> <!-- runScenario -->
        <test-method signature="runScenario(io.cucumber.testng.PickleWrapper,io.cucumber.testng.FeatureWrapper)[pri:0, instance:com.healthcare.testrunner.TestRunner_TestNG@645aa696]" started-at="2023-04-09T10:19:19 IST" name="runScenario" description="Runs Cucumber Scenarios" data-provider="scenarios" finished-at="2023-04-09T10:19:45 IST" duration-ms="25300" status="PASS">
          <params>
            <param index="0">
              <value>
                <![CDATA["Validate the application by entering the invalid credentials"]]>
              </value>
            </param>
            <param index="1">
              <value>
                <![CDATA["Login Feature"]]>
              </value>
            </param>
          </params>
          <reporter-output>
          </reporter-output>
        </test-method> <!-- runScenario -->
        <test-method signature="runScenario(io.cucumber.testng.PickleWrapper,io.cucumber.testng.FeatureWrapper)[pri:0, instance:com.healthcare.testrunner.TestRunner_TestNG@645aa696]" started-at="2023-04-09T10:19:45 IST" name="runScenario" description="Runs Cucumber Scenarios" data-provider="scenarios" finished-at="2023-04-09T10:20:00 IST" duration-ms="15404" status="PASS">
          <params>
            <param index="0">
              <value>
                <![CDATA["Validate the application by entering the invalid credentials"]]>
              </value>
            </param>
            <param index="1">
              <value>
                <![CDATA["Login Feature"]]>
              </value>
            </param>
          </params>
          <reporter-output>
          </reporter-output>
        </test-method> <!-- runScenario -->
        <test-method signature="runScenario(io.cucumber.testng.PickleWrapper,io.cucumber.testng.FeatureWrapper)[pri:0, instance:com.healthcare.testrunner.TestRunner_TestNG@645aa696]" started-at="2023-04-09T10:20:00 IST" name="runScenario" description="Runs Cucumber Scenarios" data-provider="scenarios" finished-at="2023-04-09T10:20:20 IST" duration-ms="20065" status="PASS">
          <params>
            <param index="0">
              <value>
                <![CDATA["Validate the application by entering the invalid credentials"]]>
              </value>
            </param>
            <param index="1">
              <value>
                <![CDATA["Login Feature"]]>
              </value>
            </param>
          </params>
          <reporter-output>
          </reporter-output>
        </test-method> <!-- runScenario -->
        <test-method is-config="true" signature="tearDownClass()[pri:0, instance:com.healthcare.testrunner.TestRunner_TestNG@645aa696]" started-at="2023-04-09T10:20:20 IST" name="tearDownClass" finished-at="2023-04-09T10:20:28 IST" duration-ms="7823" status="PASS">
          <reporter-output>
          </reporter-output>
        </test-method> <!-- tearDownClass -->
      </class> <!-- com.healthcare.testrunner.TestRunner_TestNG -->
    </test> <!-- Test -->
  </suite> <!-- Suite -->
</testng-results>
